# JRE version: Java(TM) SE Runtime Environment (8.0_71-b15) (build 1.8.0_71-b15)
# Java VM: Java HotSpot(TM) 64-Bit Server VM (25.71-b15 mixed mode linux-amd64 )
Heap:
 PSYoungGen      total 51654656K, used 56552K [0x00002b7627a00000, 0x00002b82a7a00000, 0x00002b82a7a00000)
  eden space 50874368K, 0% used [0x00002b7627a00000,0x00002b7627a00000,0x00002b8248c00000)
  from space 780288K, 7% used [0x00002b8278000000,0x00002b827b73a048,0x00002b82a7a00000)
  to   space 774144K, 0% used [0x00002b8248c00000,0x00002b8248c00000,0x00002b8278000000)
 ParOldGen       total 10989056K, used 10988704K [0x00002b5d27a00000, 0x00002b5fc6580000, 0x00002b7627a00000)
  object space 10989056K, 99% used [0x00002b5d27a00000,0x00002b5fc6528060,0x00002b5fc6580000)
 Metaspace       used 4082K, capacity 4432K, committed 4608K, reserved 8192K
GC Heap History (10 events):
Event: 4943.918 GC heap after
Heap after GC invocations=165 (full 9):
 PSYoungGen      total 47709696K, used 401600K [0x00002b7627a00000, 0x00002b81ece80000, 0x00002b82a7a00000)
  eden space 47307776K, 0% used [0x00002b7627a00000,0x00002b7627a00000,0x00002b816f100000)
  from space 401920K, 99% used [0x00002b81d4600000,0x00002b81ece30000,0x00002b81ece80000)
  to   space 751616K, 0% used [0x00002b8191280000,0x00002b8191280000,0x00002b81bf080000)
 ParOldGen       total 10989056K, used 8823531K [0x00002b5d27a00000, 0x00002b5fc6580000, 0x00002b7627a00000)
  object space 10989056K, 80% used [0x00002b5d27a00000,0x00002b5f422bada0,0x00002b5fc6580000)
 Metaspace       used 4082K, capacity 4432K, committed 4608K, reserved 8192K
}
Event: 5132.002 GC heap before
{Heap before GC invocations=166 (full 9):
 PSYoungGen      total 47709696K, used 47709376K [0x00002b7627a00000, 0x00002b81ece80000, 0x00002b82a7a00000)
  eden space 47307776K, 100% used [0x00002b7627a00000,0x00002b816f100000,0x00002b816f100000)
  from space 401920K, 99% used [0x00002b81d4600000,0x00002b81ece30000,0x00002b81ece80000)
  to   space 751616K, 0% used [0x00002b8191280000,0x00002b8191280000,0x00002b81bf080000)
 ParOldGen       total 10989056K, used 8823531K [0x00002b5d27a00000, 0x00002b5fc6580000, 0x00002b7627a00000)
  object space 10989056K, 80% used [0x00002b5d27a00000,0x00002b5f422bada0,0x00002b5fc6580000)
 Metaspace       used 4082K, capacity 4432K, committed 4608K, reserved 8192K
Event: 5134.672 GC heap after
Heap after GC invocations=166 (full 9):
 PSYoungGen      total 48617984K, used 448832K [0x00002b7627a00000, 0x00002b82a7a00000, 0x00002b82a7a00000)
  eden space 47866368K, 0% used [0x00002b7627a00000,0x00002b7627a00000,0x00002b8191280000)
  from space 751616K, 59% used [0x00002b8191280000,0x00002b81ac8d0000,0x00002b81bf080000)
  to   space 736256K, 0% used [0x00002b827ab00000,0x00002b827ab00000,0x00002b82a7a00000)
 ParOldGen       total 10989056K, used 9225635K [0x00002b5d27a00000, 0x00002b5fc6580000, 0x00002b7627a00000)
  object space 10989056K, 83% used [0x00002b5d27a00000,0x00002b5f5ab68da0,0x00002b5fc6580000)
 Metaspace       used 4082K, capacity 4432K, committed 4608K, reserved 8192K
}
Event: 5374.220 GC heap before
{Heap before GC invocations=167 (full 9):
 PSYoungGen      total 48617984K, used 48315200K [0x00002b7627a00000, 0x00002b82a7a00000, 0x00002b82a7a00000)
  eden space 47866368K, 100% used [0x00002b7627a00000,0x00002b8191280000,0x00002b8191280000)
  from space 751616K, 59% used [0x00002b8191280000,0x00002b81ac8d0000,0x00002b81bf080000)
  to   space 736256K, 0% used [0x00002b827ab00000,0x00002b827ab00000,0x00002b82a7a00000)
 ParOldGen       total 10989056K, used 9225635K [0x00002b5d27a00000, 0x00002b5fc6580000, 0x00002b7627a00000)
  object space 10989056K, 83% used [0x00002b5d27a00000,0x00002b5f5ab68da0,0x00002b5fc6580000)
 Metaspace       used 4082K, capacity 4432K, committed 4608K, reserved 8192K
Event: 5379.223 GC heap after
Heap after GC invocations=167 (full 9):
 PSYoungGen      total 51621888K, used 437120K [0x00002b7627a00000, 0x00002b82a4400000, 0x00002b82a7a00000)
  eden space 50940928K, 0% used [0x00002b7627a00000,0x00002b7627a00000,0x00002b824cd00000)
  from space 680960K, 64% used [0x00002b827ab00000,0x00002b82955e0000,0x00002b82a4400000)
  to   space 716288K, 0% used [0x00002b824cd00000,0x00002b824cd00000,0x00002b8278880000)
 ParOldGen       total 10989056K, used 9675523K [0x00002b5d27a00000, 0x00002b5fc6580000, 0x00002b7627a00000)
  object space 10989056K, 88% used [0x00002b5d27a00000,0x00002b5f762c0da0,0x00002b5fc6580000)
 Metaspace       used 4082K, capacity 4432K, committed 4608K, reserved 8192K
}
Event: 5655.135 GC heap before
{Heap before GC invocations=168 (full 9):
 PSYoungGen      total 51621888K, used 51378048K [0x00002b7627a00000, 0x00002b82a4400000, 0x00002b82a7a00000)
  eden space 50940928K, 100% used [0x00002b7627a00000,0x00002b824cd00000,0x00002b824cd00000)
  from space 680960K, 64% used [0x00002b827ab00000,0x00002b82955e0000,0x00002b82a4400000)
  to   space 716288K, 0% used [0x00002b824cd00000,0x00002b824cd00000,0x00002b8278880000)
 ParOldGen       total 10989056K, used 9675523K [0x00002b5d27a00000, 0x00002b5fc6580000, 0x00002b7627a00000)
  object space 10989056K, 88% used [0x00002b5d27a00000,0x00002b5f762c0da0,0x00002b5fc6580000)
 Metaspace       used 4082K, capacity 4432K, committed 4608K, reserved 8192K
Event: 5657.579 GC heap after
Heap after GC invocations=168 (full 9):
 PSYoungGen      total 51648512K, used 707211K [0x00002b7627a00000, 0x00002b82a7a00000, 0x00002b82a7a00000)
  eden space 50940928K, 0% used [0x00002b7627a00000,0x00002b7627a00000,0x00002b824cd00000)
  from space 707584K, 99% used [0x00002b824cd00000,0x00002b8277fa2f30,0x00002b8278000000)
  to   space 780288K, 0% used [0x00002b8278000000,0x00002b8278000000,0x00002b82a7a00000)
 ParOldGen       total 10989056K, used 10113808K [0x00002b5d27a00000, 0x00002b5fc6580000, 0x00002b7627a00000)
  object space 10989056K, 92% used [0x00002b5d27a00000,0x00002b5f90ec43c0,0x00002b5fc6580000)
 Metaspace       used 4082K, capacity 4432K, committed 4608K, reserved 8192K
}
Event: 5997.007 GC heap before
{Heap before GC invocations=169 (full 9):
 PSYoungGen      total 51648512K, used 51648139K [0x00002b7627a00000, 0x00002b82a7a00000, 0x00002b82a7a00000)
  eden space 50940928K, 100% used [0x00002b7627a00000,0x00002b824cd00000,0x00002b824cd00000)
  from space 707584K, 99% used [0x00002b824cd00000,0x00002b8277fa2f30,0x00002b8278000000)
  to   space 780288K, 0% used [0x00002b8278000000,0x00002b8278000000,0x00002b82a7a00000)
 ParOldGen       total 10989056K, used 10113808K [0x00002b5d27a00000, 0x00002b5fc6580000, 0x00002b7627a00000)
  object space 10989056K, 92% used [0x00002b5d27a00000,0x00002b5f90ec43c0,0x00002b5fc6580000)
 Metaspace       used 4082K, capacity 4432K, committed 4608K, reserved 8192K
Event: 5998.368 GC heap after
Heap after GC invocations=169 (full 9):
 PSYoungGen      total 51654656K, used 468256K [0x00002b7627a00000, 0x00002b82a7a00000, 0x00002b82a7a00000)
  eden space 50874368K, 0% used [0x00002b7627a00000,0x00002b7627a00000,0x00002b8248c00000)
  from space 780288K, 60% used [0x00002b8278000000,0x00002b8294948000,0x00002b82a7a00000)
  to   space 774144K, 0% used [0x00002b8248c00000,0x00002b8248c00000,0x00002b8278000000)
 ParOldGen       total 10989056K, used 10822544K [0x00002b5d27a00000, 0x00002b5fc6580000, 0x00002b7627a00000)
  object space 10989056K, 98% used [0x00002b5d27a00000,0x00002b5fbc2e42a0,0x00002b5fc6580000)
 Metaspace       used 4082K, capacity 4432K, committed 4608K, reserved 8192K
}
Event: 5998.376 GC heap before
{Heap before GC invocations=170 (full 10):
 PSYoungGen      total 51654656K, used 468256K [0x00002b7627a00000, 0x00002b82a7a00000, 0x00002b82a7a00000)
  eden space 50874368K, 0% used [0x00002b7627a00000,0x00002b7627a00000,0x00002b8248c00000)
  from space 780288K, 60% used [0x00002b8278000000,0x00002b8294948000,0x00002b82a7a00000)
  to   space 774144K, 0% used [0x00002b8248c00000,0x00002b8248c00000,0x00002b8278000000)
 ParOldGen       total 10989056K, used 10822544K [0x00002b5d27a00000, 0x00002b5fc6580000, 0x00002b7627a00000)
  object space 10989056K, 98% used [0x00002b5d27a00000,0x00002b5fbc2e42a0,0x00002b5fc6580000)
 Metaspace       used 4082K, capacity 4432K, committed 4608K, reserved 8192K

